<?xml version="1.0" encoding="UTF-8"?>
<!-- Generated by org.testng.reporters.JUnitReportReporter -->
<testsuite skipped="0" hostname="ASDW0048" name="hristesting.Hristests" tests="6" failures="0" timestamp="28 Jun 2018 09:44:46 GMT" time="24.593" errors="0">
  <testcase name="invalidusercredentials" time="4.882" classname="hristesting.Hristests"/>
  <testcase name="nousernameandpassword" time="2.312" classname="hristesting.Hristests"/>
  <testcase name="onlyusernameisentered" time="3.099" classname="hristesting.Hristests"/>
  <testcase name="onlypasswordisentered" time="2.990" classname="hristesting.Hristests"/>
  <testcase name="validcredentials" time="5.854" classname="hristesting.Hristests"/>
  <testcase name="logoutfromaccount" time="5.456" classname="hristesting.Hristests"/>
</testsuite> <!-- hristesting.Hristests -->
